<?xml version="1.0" encoding="UTF-8"?>
<testng-results skipped="0" failed="0" ignored="0" total="3" passed="3">
  <reporter-output>
  </reporter-output>
  <suite name="Default suite" duration-ms="4715" started-at="2020-04-17T17:47:38Z" finished-at="2020-04-17T17:47:43Z">
    <groups>
    </groups>
    <test name="Default test" duration-ms="4715" started-at="2020-04-17T17:47:38Z" finished-at="2020-04-17T17:47:43Z">
      <class name="dynamicJson">
        <test-method status="PASS" signature="addBook(java.lang.String, java.lang.String)[pri:0, instance:dynamicJson@78c03f1f]" name="addBook" duration-ms="3235" started-at="2020-04-17T12:47:38Z" data-provider="BooksData" finished-at="2020-04-17T12:47:42Z">
          <params>
            <param index="0">
              <value>
                <![CDATA[book1]]>
              </value>
            </param>
            <param index="1">
              <value>
                <![CDATA[1234]]>
              </value>
            </param>
          </params>
          <reporter-output>
          </reporter-output>
        </test-method> <!-- addBook -->
        <test-method status="PASS" signature="addBook(java.lang.String, java.lang.String)[pri:0, instance:dynamicJson@78c03f1f]" name="addBook" duration-ms="698" started-at="2020-04-17T12:47:42Z" data-provider="BooksData" finished-at="2020-04-17T12:47:42Z">
          <params>
            <param index="0">
              <value>
                <![CDATA[book2]]>
              </value>
            </param>
            <param index="1">
              <value>
                <![CDATA[1235]]>
              </value>
            </param>
          </params>
          <reporter-output>
          </reporter-output>
        </test-method> <!-- addBook -->
        <test-method status="PASS" signature="addBook(java.lang.String, java.lang.String)[pri:0, instance:dynamicJson@78c03f1f]" name="addBook" duration-ms="730" started-at="2020-04-17T12:47:42Z" data-provider="BooksData" finished-at="2020-04-17T12:47:43Z">
          <params>
            <param index="0">
              <value>
                <![CDATA[book3]]>
              </value>
            </param>
            <param index="1">
              <value>
                <![CDATA[1236]]>
              </value>
            </param>
          </params>
          <reporter-output>
          </reporter-output>
        </test-method> <!-- addBook -->
      </class> <!-- dynamicJson -->
    </test> <!-- Default test -->
  </suite> <!-- Default suite -->
</testng-results>
